#
# There is insufficient memory for the Java Runtime Environment to continue.
# Native memory allocation (mmap) failed to map 2097152 bytes for G1 virtual space
# Possible reasons:
#   The system is out of physical RAM or swap space
#   The process is running with CompressedOops enabled, and the Java Heap may be blocking the growth of the native heap
# Possible solutions:
#   Reduce memory load on the system
#   Increase physical memory or swap space
#   Check if swap backing store is full
#   Decrease Java heap size (-Xmx/-Xms)
#   Decrease number of Java threads
#   Decrease Java thread stack sizes (-Xss)
#   Set larger code cache with -XX:ReservedCodeCacheSize=
#   JVM is running with Unscaled Compressed Oops mode in which the Java heap is
#     placed in the first 4GB address space. The Java Heap base address is the
#     maximum limit for the native heap growth. Please use -XX:HeapBaseMinAddress
#     to set the Java Heap base and to place the Java Heap above 4GB virtual address.
# This output file may be truncated or incomplete.
#
#  Out of Memory Error (os_windows.cpp:3469), pid=13504, tid=18680
#
# JRE version:  (17.0+35) (build )
# Java VM: OpenJDK 64-Bit Server VM (17+35, mixed mode, sharing, tiered, compressed oops, compressed class ptrs, g1 gc, windows-amd64)
# No core dump will be written. Minidumps are not enabled by default on client versions of Windows
#

---------------  S U M M A R Y ------------

Command Line: -Dfile.encoding=Cp1252 -XX:+ShowCodeDetailsInExceptionMessages Main

Host: Intel(R) Core(TM) i3-4000M CPU @ 2.40GHz, 4 cores, 7G,  Windows 10 , 64 bit Build 19041 (10.0.19041.1348)
Time: Sat Dec 11 17:27:48 2021 Myanmar Standard Time elapsed time: 0.022263 seconds (0d 0h 0m 0s)

---------------  T H R E A D  ---------------

Current thread (0x0000024642eb71b0):  JavaThread "Unknown thread" [_thread_in_vm, id=18680, stack(0x0000007d86e00000,0x0000007d86f00000)]

Stack: [0x0000007d86e00000,0x0000007d86f00000]
Native frames: (J=compiled Java code, j=interpreted, Vv=VM code, C=native code)
V  [jvm.dll+0x674afa]
V  [jvm.dll+0x82eb44]
V  [jvm.dll+0x8302ee]
V  [jvm.dll+0x830953]
V  [jvm.dll+0x245335]
V  [jvm.dll+0x671ae9]
V  [jvm.dll+0x6665b2]
V  [jvm.dll+0x303e3b]
V  [jvm.dll+0x30b376]
V  [jvm.dll+0x35b323]
V  [jvm.dll+0x35b53f]
V  [jvm.dll+0x2dad78]
V  [jvm.dll+0x2dbce4]
V  [jvm.dll+0x8006a1]
V  [jvm.dll+0x369081]
V  [jvm.dll+0x7dfb6c]
V  [jvm.dll+0x3eb9bf]
V  [jvm.dll+0x3ed6f1]
C  [jli.dll+0x5277]
C  [ucrtbase.dll+0x21bb2]
C  [KERNEL32.DLL+0x17034]
C  [ntdll.dll+0x52651]


---------------  P R O C E S S  ---------------

Threads class SMR info:
_java_thread_list=0x00007ffd3bb04e58, length=0, elements={
}

Java Threads: ( => current thread )

Other Threads:
  0x0000024642ef97d0 GCTaskThread "GC Thread#0" [stack: 0x0000007d86f00000,0x0000007d87000000] [id=18696]
  0x0000024642f0a3d0 ConcurrentGCThread "G1 Main Marker" [stack: 0x0000007d87000000,0x0000007d87100000] [id=18688]
  0x0000024642f0b580 ConcurrentGCThread "G1 Conc#0" [stack: 0x0000007d87100000,0x0000007d87200000] [id=18700]

[error occurred during error reporting (printing all threads), id 0xc0000005, EXCEPTION_ACCESS_VIOLATION (0xc0000005) at pc=0x00007ffd3b2db7f7]

VM state: not at safepoint (not fully initialized)

VM Mutex/Monitor currently owned by a thread:  ([mutex/lock_event])
[0x0000024642eb4230] Heap_lock - owner thread: 0x0000024642eb71b0

Heap address: 0x0000000081a00000, size: 2022 MB, Compressed Oops mode: 32-bit

CDS archive(s) mapped at: [0x0000000000000000-0x0000000000000000-0x0000000000000000), size 0, SharedBaseAddress: 0x0000000800000000, ArchiveRelocationMode: 0.
Narrow klass base: 0x0000000000000000, Narrow klass shift: 0, Narrow klass range: 0x0

GC Precious Log:
<Empty>

Heap:
 garbage-first heap   total 0K, used 0K [0x0000000081a00000, 0x0000000100000000)
  region size 1024K, 0 young (0K), 0 survivors (0K)

[error occurred during error reporting (printing heap information), id 0xc0000005, EXCEPTION_ACCESS_VIOLATION (0xc0000005) at pc=0x00007ffd3b6bdfc9]

GC Heap History (0 events):
No events

Deoptimization events (0 events):
No events

Classes unloaded (0 events):
No events

Classes redefined (0 events):
No events

Internal exceptions (0 events):
No events

VM Operations (0 events):
No events

Events (1 events):
Event: 0.011 Loaded shared library C:\Users\Kaung Moe Set\.p2\pool\plugins\org.eclipse.justj.openjdk.hotspot.jre.full.win32.x86_64_17.0.0.v20211012-1059\jre\bin\java.dll


Dynamic libraries:
0x00007ff7fabd0000 - 0x00007ff7fabde000 	C:\Users\Kaung Moe Set\.p2\pool\plugins\org.eclipse.justj.openjdk.hotspot.jre.full.win32.x86_64_17.0.0.v20211012-1059\jre\bin\javaw.exe
0x00007ffd5eeb0000 - 0x00007ffd5f0a5000 	C:\WINDOWS\SYSTEM32\ntdll.dll
0x00007ffd5e430000 - 0x00007ffd5e4ee000 	C:\WINDOWS\System32\KERNEL32.DLL
0x00007ffd5c600000 - 0x00007ffd5c8c8000 	C:\WINDOWS\System32\KERNELBASE.dll
0x00007ffd5cbc0000 - 0x00007ffd5ccc0000 	C:\WINDOWS\System32\ucrtbase.dll
0x00007ffd38fb0000 - 0x00007ffd38fc8000 	C:\Users\Kaung Moe Set\.p2\pool\plugins\org.eclipse.justj.openjdk.hotspot.jre.full.win32.x86_64_17.0.0.v20211012-1059\jre\bin\jli.dll
0x00007ffd38690000 - 0x00007ffd386a9000 	C:\Users\Kaung Moe Set\.p2\pool\plugins\org.eclipse.justj.openjdk.hotspot.jre.full.win32.x86_64_17.0.0.v20211012-1059\jre\bin\VCRUNTIME140.dll
0x00007ffd5e790000 - 0x00007ffd5e931000 	C:\WINDOWS\System32\USER32.dll
0x00007ffd5c5d0000 - 0x00007ffd5c5f2000 	C:\WINDOWS\System32\win32u.dll
0x00007ffd5ed10000 - 0x00007ffd5ed3b000 	C:\WINDOWS\System32\GDI32.dll
0x00007ffd4da30000 - 0x00007ffd4dcca000 	C:\WINDOWS\WinSxS\amd64_microsoft.windows.common-controls_6595b64144ccf1df_6.0.19041.1110_none_60b5254171f9507e\COMCTL32.dll
0x00007ffd5cdc0000 - 0x00007ffd5cecb000 	C:\WINDOWS\System32\gdi32full.dll
0x00007ffd5d050000 - 0x00007ffd5d0ee000 	C:\WINDOWS\System32\msvcrt.dll
0x00007ffd5c9c0000 - 0x00007ffd5ca5d000 	C:\WINDOWS\System32\msvcp_win.dll
0x00007ffd5d2d0000 - 0x00007ffd5d300000 	C:\WINDOWS\System32\IMM32.DLL
0x00007ffd4c3d0000 - 0x00007ffd4c3dc000 	C:\Users\Kaung Moe Set\.p2\pool\plugins\org.eclipse.justj.openjdk.hotspot.jre.full.win32.x86_64_17.0.0.v20211012-1059\jre\bin\vcruntime140_1.dll
0x00007ffd37250000 - 0x00007ffd372e1000 	C:\Users\Kaung Moe Set\.p2\pool\plugins\org.eclipse.justj.openjdk.hotspot.jre.full.win32.x86_64_17.0.0.v20211012-1059\jre\bin\msvcp140.dll
0x00007ffd3aff0000 - 0x00007ffd3bc36000 	C:\Users\Kaung Moe Set\.p2\pool\plugins\org.eclipse.justj.openjdk.hotspot.jre.full.win32.x86_64_17.0.0.v20211012-1059\jre\bin\server\jvm.dll
0x00007ffd5de40000 - 0x00007ffd5deec000 	C:\WINDOWS\System32\ADVAPI32.dll
0x00007ffd5ea60000 - 0x00007ffd5eafb000 	C:\WINDOWS\System32\sechost.dll
0x00007ffd5e5d0000 - 0x00007ffd5e6fa000 	C:\WINDOWS\System32\RPCRT4.dll
0x00007ffd5de30000 - 0x00007ffd5de38000 	C:\WINDOWS\System32\PSAPI.DLL
0x00007ffd56b30000 - 0x00007ffd56b39000 	C:\WINDOWS\SYSTEM32\WSOCK32.dll
0x00007ffd4a610000 - 0x00007ffd4a637000 	C:\WINDOWS\SYSTEM32\WINMM.dll
0x00007ffd5cfe0000 - 0x00007ffd5d04b000 	C:\WINDOWS\System32\WS2_32.dll
0x00007ffd55750000 - 0x00007ffd5575a000 	C:\WINDOWS\SYSTEM32\VERSION.dll
0x00007ffd5a4d0000 - 0x00007ffd5a4e2000 	C:\WINDOWS\SYSTEM32\kernel.appcore.dll
0x00007ffd4f760000 - 0x00007ffd4f76a000 	C:\Users\Kaung Moe Set\.p2\pool\plugins\org.eclipse.justj.openjdk.hotspot.jre.full.win32.x86_64_17.0.0.v20211012-1059\jre\bin\jimage.dll
0x00007ffd59e60000 - 0x00007ffd5a044000 	C:\WINDOWS\SYSTEM32\DBGHELP.DLL
0x00007ffd4a720000 - 0x00007ffd4a74c000 	C:\WINDOWS\SYSTEM32\dbgcore.DLL
0x00007ffd5c930000 - 0x00007ffd5c9b3000 	C:\WINDOWS\System32\bcryptPrimitives.dll
0x00007ffd4c880000 - 0x00007ffd4c8a5000 	C:\Users\Kaung Moe Set\.p2\pool\plugins\org.eclipse.justj.openjdk.hotspot.jre.full.win32.x86_64_17.0.0.v20211012-1059\jre\bin\java.dll

dbghelp: loaded successfully - version: 4.0.5 - missing functions: none
symbol engine: initialized successfully - sym options: 0x614 - pdb path: .;C:\Users\Kaung Moe Set\.p2\pool\plugins\org.eclipse.justj.openjdk.hotspot.jre.full.win32.x86_64_17.0.0.v20211012-1059\jre\bin;C:\WINDOWS\SYSTEM32;C:\WINDOWS\WinSxS\amd64_microsoft.windows.common-controls_6595b64144ccf1df_6.0.19041.1110_none_60b5254171f9507e;C:\Users\Kaung Moe Set\.p2\pool\plugins\org.eclipse.justj.openjdk.hotspot.jre.full.win32.x86_64_17.0.0.v20211012-1059\jre\bin\server

VM Arguments:
jvm_args: -Dfile.encoding=Cp1252 -XX:+ShowCodeDetailsInExceptionMessages 
java_command: Main
java_class_path (initial): C:\Users\Kaung Moe Set\git\Snake-Game\Snake Game\bin
Launcher Type: SUN_STANDARD

[Global flags]
     intx CICompilerCount                          = 3                                         {product} {ergonomic}
     uint ConcGCThreads                            = 1                                         {product} {ergonomic}
     uint G1ConcRefinementThreads                  = 4                                         {product} {ergonomic}
   size_t G1HeapRegionSize                         = 1048576                                   {product} {ergonomic}
    uintx GCDrainStackTargetSize                   = 64                                        {product} {ergonomic}
   size_t InitialHeapSize                          = 134217728                                 {product} {ergonomic}
   size_t MarkStackSize                            = 4194304                                   {product} {ergonomic}
   size_t MaxHeapSize                              = 2120220672                                {product} {ergonomic}
   size_t MinHeapDeltaBytes                        = 1048576                                   {product} {ergonomic}
   size_t MinHeapSize                              = 8388608                                   {product} {ergonomic}
    uintx NonNMethodCodeHeapSize                   = 5832780                                {pd product} {ergonomic}
    uintx NonProfiledCodeHeapSize                  = 122912730                              {pd product} {ergonomic}
    uintx ProfiledCodeHeapSize                     = 122912730                              {pd product} {ergonomic}
    uintx ReservedCodeCacheSize                    = 251658240                              {pd product} {ergonomic}
     bool SegmentedCodeCache                       = true                                      {product} {ergonomic}
     bool ShowCodeDetailsInExceptionMessages       = true                                   {manageable} {command line}
   size_t SoftMaxHeapSize                          = 2120220672                             {manageable} {ergonomic}
     bool UseCompressedClassPointers               = true                           {product lp64_product} {ergonomic}
     bool UseCompressedOops                        = true                           {product lp64_product} {ergonomic}
     bool UseG1GC                                  = true                                      {product} {ergonomic}
     bool UseLargePagesIndividualAllocation        = false                                  {pd product} {ergonomic}

Logging:
Log output configuration:
 #0: stdout all=warning uptime,level,tags
 #1: stderr all=off uptime,level,tags

Environment Variables:
PATH=C:/Users/Kaung Moe Set/.p2/pool/plugins/org.eclipse.justj.openjdk.hotspot.jre.full.win32.x86_64_17.0.0.v20211012-1059/jre/bin/server;C:/Users/Kaung Moe Set/.p2/pool/plugins/org.eclipse.justj.openjdk.hotspot.jre.full.win32.x86_64_17.0.0.v20211012-1059/jre/bin;C:\WINDOWS\system32;C:\WINDOWS;C:\WINDOWS\System32\Wbem;C:\WINDOWS\System32\WindowsPowerShell\v1.0\;C:\WINDOWS\System32\OpenSSH\;C:\Program Files\WireGuard\;C:\Program Files\Git\cmd;C:\Program Files\MySQL\MySQL Shell 8.0\bin\;C:\Users\Kaung Moe Set\AppData\Local\Microsoft\WindowsApps;C:\Users\Kaung Moe Set\AppData\Local\Programs\Microsoft VS Code\bin;C:\Users\Kaung Moe Set\AppData\Local\GitHubDesktop\bin;C:\Users\Kaung Moe Set\Desktop;
USERNAME=Kaung Moe Set
OS=Windows_NT
PROCESSOR_IDENTIFIER=Intel64 Family 6 Model 60 Stepping 3, GenuineIntel



---------------  S Y S T E M  ---------------

OS:
 Windows 10 , 64 bit Build 19041 (10.0.19041.1348)
OS uptime: 0 days 2:36 hours

CPU: total 4 (initial active 4) (2 cores per cpu, 2 threads per core) family 6 model 60 stepping 3 microcode 0x27, cx8, cmov, fxsr, ht, mmx, sse, sse2, sse3, ssse3, sse4.1, sse4.2, popcnt, lzcnt, tsc, tscinvbit, avx, avx2, erms, clmul, bmi1, bmi2, fma, vzeroupper, clflush

Memory: 4k page, system-wide physical 8084M (1250M free)
TotalPageFile size 24192M (AvailPageFile size 6M)
current process WorkingSet (physical memory assigned to process): 10M, peak: 10M
current process commit charge ("private bytes"): 179M, peak: 181M

vm_info: OpenJDK 64-Bit Server VM (17+35) for windows-amd64 JRE (17+35), built on Sep 14 2021 17:27:39 by "" with MS VC++ 16.7 (VS2019)

END.
